0 info it worked if it ends with ok
1 verbose cli [ '/Users/bushan/.nvm/versions/node/v7.4.0/bin/node',
1 verbose cli   '/Users/bushan/.nvm/versions/node/v7.4.0/bin/npm',
1 verbose cli   'run',
1 verbose cli   'test' ]
2 info using npm@4.0.5
3 info using node@v7.4.0
4 verbose run-script [ 'pretest', 'test', 'posttest' ]
5 info lifecycle react-tutorials@0.0.0~pretest: react-tutorials@0.0.0
6 silly lifecycle react-tutorials@0.0.0~pretest: no script for pretest, continuing
7 info lifecycle react-tutorials@0.0.0~test: react-tutorials@0.0.0
8 verbose lifecycle react-tutorials@0.0.0~test: unsafe-perm in lifecycle true
9 verbose lifecycle react-tutorials@0.0.0~test: PATH: /Users/bushan/.nvm/versions/node/v7.4.0/lib/node_modules/npm/bin/node-gyp-bin:/Users/bushan/learning.io/deleteme/React-Redux-Saga-webpack/node_modules/.bin:/Users/bushan/.nvm/versions/node/v7.4.0/bin:/Library/Frameworks/Python.framework/Versions/3.5/bin:/Library/Frameworks/Python.framework/Versions/3.5/bin:/usr/local/bin:/usr/bin:/bin:/usr/sbin:/sbin:/usr/local/go/bin:/usr/local/mongodb/bin:/Users/bushan/apache-maven-3.3.9/bin
10 verbose lifecycle react-tutorials@0.0.0~test: CWD: /Users/bushan/learning.io/deleteme/React-Redux-Saga-webpack
11 silly lifecycle react-tutorials@0.0.0~test: Args: [ '-c',
11 silly lifecycle   'mocha --compilers js:babel-core/register --require ./test/test_helper.js --recursive ./test' ]
12 silly lifecycle react-tutorials@0.0.0~test: Returned: code: 1  signal: null
13 info lifecycle react-tutorials@0.0.0~test: Failed to exec test script
14 verbose stack Error: react-tutorials@0.0.0 test: `mocha --compilers js:babel-core/register --require ./test/test_helper.js --recursive ./test`
14 verbose stack Exit status 1
14 verbose stack     at EventEmitter.<anonymous> (/Users/bushan/.nvm/versions/node/v7.4.0/lib/node_modules/npm/lib/utils/lifecycle.js:279:16)
14 verbose stack     at emitTwo (events.js:106:13)
14 verbose stack     at EventEmitter.emit (events.js:191:7)
14 verbose stack     at ChildProcess.<anonymous> (/Users/bushan/.nvm/versions/node/v7.4.0/lib/node_modules/npm/lib/utils/spawn.js:40:14)
14 verbose stack     at emitTwo (events.js:106:13)
14 verbose stack     at ChildProcess.emit (events.js:191:7)
14 verbose stack     at maybeClose (internal/child_process.js:885:16)
14 verbose stack     at Process.ChildProcess._handle.onexit (internal/child_process.js:226:5)
15 verbose pkgid react-tutorials@0.0.0
16 verbose cwd /Users/bushan/learning.io/deleteme/React-Redux-Saga-webpack
17 error Darwin 16.4.0
18 error argv "/Users/bushan/.nvm/versions/node/v7.4.0/bin/node" "/Users/bushan/.nvm/versions/node/v7.4.0/bin/npm" "run" "test"
19 error node v7.4.0
20 error npm  v4.0.5
21 error code ELIFECYCLE
22 error react-tutorials@0.0.0 test: `mocha --compilers js:babel-core/register --require ./test/test_helper.js --recursive ./test`
22 error Exit status 1
23 error Failed at the react-tutorials@0.0.0 test script 'mocha --compilers js:babel-core/register --require ./test/test_helper.js --recursive ./test'.
23 error Make sure you have the latest version of node.js and npm installed.
23 error If you do, this is most likely a problem with the react-tutorials package,
23 error not with npm itself.
23 error Tell the author that this fails on your system:
23 error     mocha --compilers js:babel-core/register --require ./test/test_helper.js --recursive ./test
23 error You can get information on how to open an issue for this project with:
23 error     npm bugs react-tutorials
23 error Or if that isn't available, you can get their info via:
23 error     npm owner ls react-tutorials
23 error There is likely additional logging output above.
24 verbose exit [ 1, true ]
